<?xml version="1.0" encoding="UTF-8"?>
<testsuites name="TestSuit-Cart list with changing amount" time="114" tests="2" failures="2" errors="0">
   <testsuite name="TestSuit-Cart list with changing amount" tests="2" failures="2" errors="0" time="114" timestamp="2018-05-10 14:18:51" hostname="amnesia - DESKTOP-JOTRSDM" id="Test Suites/TestSuit-Cart list with changing amount">
      <properties>
         <property name="deviceName" value=""/>
         <property name="devicePlatform" value=""/>
         <property name="logFolder" value="E:\\592115005\\ASD\\234project-backend\\Katalon for Project\\Reports\\TestSuit-Cart list with changing amount\\20180510_141845"/>
         <property name="logFiles" value="E:\\592115005\\ASD\\234project-backend\\Katalon for Project\\Reports\\TestSuit-Cart list with changing amount\\20180510_141845\\execution0.log"/>
         <property name="attachments" value="E:\\592115005\\ASD\\234project-backend\\Katalon for Project\\Reports\\TestSuit-Cart list with changing amount\\20180510_141845\\1525936807786.png"/>
         <property name="hostName" value="amnesia - DESKTOP-JOTRSDM"/>
         <property name="os" value="Windows 10 64bit"/>
         <property name="katalonVersion" value="5.3.1.1"/>
         <property name="browser" value="Firefox 59.0"/>
         <property name="hostAddress" value="192.168.56.1"/>
         <property name="sessionId" value="7317ab52-c628-4937-910e-e32efd137fa5"/>
         <property name="seleniumVersion" value="3.7.1"/>
         <property name="proxyInformation" value="ProxyInformation{proxyOption=NO_PROXY, proxyServerType=HTTP, password=, proxyServerAddress=, proxyServerPort=0}"/>
         <property name="platform" value="Windows 10"/>
      </properties>
      <testcase name="Test Cases/Test-Cart list" classname="Test Cases/Test-Cart list" status="PASSED">
         <system-out><![CDATA[2018-05-10 14:18:51 - [TEST_CASE][PASSED] - Test Cases/Test-Cart list: Test Cases/Test-Cart list

2018-05-10 14:18:51 - [TEST_STEP][PASSED] - openBrowser: Browser is opened with url: ''

2018-05-10 14:18:57 - [MESSAGE][PASSED] - Browser is opened with url: ''

2018-05-10 14:18:57 - [TEST_STEP][PASSED] - navigateToUrl: Navigate to 'http://34.215.216.185:7071' successfully

2018-05-10 14:19:02 - [MESSAGE][PASSED] - Navigate to 'http://34.215.216.185:7071' successfully

2018-05-10 14:19:02 - [TEST_STEP][PASSED] - setText: Text 'user' is set on object 'Object Repository/Objects-Cart list/Page_ProjectBackend/input_username'

2018-05-10 14:19:02 - [MESSAGE][PASSED] - Text 'user' is set on object 'Object Repository/Objects-Cart list/Page_ProjectBackend/input_username'

2018-05-10 14:19:02 - [TEST_STEP][PASSED] - setText: Text 'user' is set on object 'Object Repository/Objects-Cart list/Page_ProjectBackend/input_password'

2018-05-10 14:19:02 - [MESSAGE][PASSED] - Text 'user' is set on object 'Object Repository/Objects-Cart list/Page_ProjectBackend/input_password'

2018-05-10 14:19:02 - [TEST_STEP][PASSED] - click: Object: 'Object Repository/Objects-Cart list/Page_ProjectBackend/button_Login' is clicked on

2018-05-10 14:19:03 - [MESSAGE][PASSED] - Object: 'Object Repository/Objects-Cart list/Page_ProjectBackend/button_Login' is clicked on

2018-05-10 14:19:03 - [TEST_STEP][PASSED] - click: Object: 'Object Repository/Objects-Cart list/Page_ProjectBackend/button_add to cart 1' is clicked on

2018-05-10 14:19:05 - [MESSAGE][PASSED] - Object: 'Object Repository/Objects-Cart list/Page_ProjectBackend/button_add to cart 1' is clicked on

2018-05-10 14:19:05 - [TEST_STEP][PASSED] - click: Object: 'Object Repository/Objects-Cart list/Page_ProjectBackend/button_add to cart 2' is clicked on

2018-05-10 14:19:05 - [MESSAGE][PASSED] - Object: 'Object Repository/Objects-Cart list/Page_ProjectBackend/button_add to cart 2' is clicked on

2018-05-10 14:19:05 - [TEST_STEP][PASSED] - click: Object: 'Object Repository/Objects-Cart list/Page_ProjectBackend/button_add to cart 3' is clicked on

2018-05-10 14:19:05 - [MESSAGE][PASSED] - Object: 'Object Repository/Objects-Cart list/Page_ProjectBackend/button_add to cart 3' is clicked on

2018-05-10 14:19:05 - [TEST_STEP][PASSED] - click: Object: 'Object Repository/Objects-Cart list/Page_ProjectBackend/button_add to cart 4' is clicked on

2018-05-10 14:19:05 - [MESSAGE][PASSED] - Object: 'Object Repository/Objects-Cart list/Page_ProjectBackend/button_add to cart 4' is clicked on

2018-05-10 14:19:05 - [TEST_STEP][PASSED] - click: Object: 'Object Repository/Objects-Cart list/Page_ProjectBackend/button_add to cart 5' is clicked on

2018-05-10 14:19:06 - [MESSAGE][PASSED] - Object: 'Object Repository/Objects-Cart list/Page_ProjectBackend/button_add to cart 5' is clicked on

2018-05-10 14:19:06 - [TEST_STEP][PASSED] - click: Object: 'Object Repository/Objects-Cart list/Page_ProjectBackend/menu_cart' is clicked on

2018-05-10 14:19:06 - [MESSAGE][PASSED] - Object: 'Object Repository/Objects-Cart list/Page_ProjectBackend/menu_cart' is clicked on

2018-05-10 14:19:06 - [TEST_STEP][PASSED] - click: Object: 'Object Repository/Objects-Cart list/Page_ProjectBackend/td_productName 1' is clicked on

2018-05-10 14:19:06 - [MESSAGE][PASSED] - Object: 'Object Repository/Objects-Cart list/Page_ProjectBackend/td_productName 1' is clicked on

2018-05-10 14:19:06 - [TEST_STEP][PASSED] - click: Object: 'Object Repository/Objects-Cart list/Page_ProjectBackend/td_productPrice 1' is clicked on

2018-05-10 14:19:06 - [MESSAGE][PASSED] - Object: 'Object Repository/Objects-Cart list/Page_ProjectBackend/td_productPrice 1' is clicked on

2018-05-10 14:19:06 - [TEST_STEP][PASSED] - setText: Text '2' is set on object 'Object Repository/Objects-Cart list/Page_ProjectBackend/input_amount 1'

2018-05-10 14:19:06 - [MESSAGE][PASSED] - Text '2' is set on object 'Object Repository/Objects-Cart list/Page_ProjectBackend/input_amount 1'

2018-05-10 14:19:06 - [TEST_STEP][PASSED] - click: Object: 'Object Repository/Objects-Cart list/Page_ProjectBackend/td_productName 2' is clicked on

2018-05-10 14:19:07 - [MESSAGE][PASSED] - Object: 'Object Repository/Objects-Cart list/Page_ProjectBackend/td_productName 2' is clicked on

2018-05-10 14:19:07 - [TEST_STEP][PASSED] - click: Object: 'Object Repository/Objects-Cart list/Page_ProjectBackend/td_productPrice 2' is clicked on

2018-05-10 14:19:07 - [MESSAGE][PASSED] - Object: 'Object Repository/Objects-Cart list/Page_ProjectBackend/td_productPrice 2' is clicked on

2018-05-10 14:19:07 - [TEST_STEP][PASSED] - setText: Text '2' is set on object 'Object Repository/Objects-Cart list/Page_ProjectBackend/input_amount 2'

2018-05-10 14:19:07 - [MESSAGE][PASSED] - Text '2' is set on object 'Object Repository/Objects-Cart list/Page_ProjectBackend/input_amount 2'

2018-05-10 14:19:07 - [TEST_STEP][PASSED] - click: Object: 'Object Repository/Objects-Cart list/Page_ProjectBackend/td_productName 3' is clicked on

2018-05-10 14:19:07 - [MESSAGE][PASSED] - Object: 'Object Repository/Objects-Cart list/Page_ProjectBackend/td_productName 3' is clicked on

2018-05-10 14:19:07 - [TEST_STEP][PASSED] - click: Object: 'Object Repository/Objects-Cart list/Page_ProjectBackend/td_productPrice 3' is clicked on

2018-05-10 14:19:07 - [MESSAGE][PASSED] - Object: 'Object Repository/Objects-Cart list/Page_ProjectBackend/td_productPrice 3' is clicked on

2018-05-10 14:19:07 - [TEST_STEP][PASSED] - setText: Text '2' is set on object 'Object Repository/Objects-Cart list/Page_ProjectBackend/input_amount 3'

2018-05-10 14:19:08 - [MESSAGE][PASSED] - Text '2' is set on object 'Object Repository/Objects-Cart list/Page_ProjectBackend/input_amount 3'

2018-05-10 14:19:08 - [TEST_STEP][PASSED] - click: Object: 'Object Repository/Objects-Cart list/Page_ProjectBackend/td_productName 4' is clicked on

2018-05-10 14:19:08 - [MESSAGE][PASSED] - Object: 'Object Repository/Objects-Cart list/Page_ProjectBackend/td_productName 4' is clicked on

2018-05-10 14:19:08 - [TEST_STEP][PASSED] - click: Object: 'Object Repository/Objects-Cart list/Page_ProjectBackend/td_productPrice 4' is clicked on

2018-05-10 14:19:08 - [MESSAGE][PASSED] - Object: 'Object Repository/Objects-Cart list/Page_ProjectBackend/td_productPrice 4' is clicked on

2018-05-10 14:19:08 - [TEST_STEP][PASSED] - setText: Text '2' is set on object 'Object Repository/Objects-Cart list/Page_ProjectBackend/input_amount 4'

2018-05-10 14:19:08 - [MESSAGE][PASSED] - Text '2' is set on object 'Object Repository/Objects-Cart list/Page_ProjectBackend/input_amount 4'

2018-05-10 14:19:08 - [TEST_STEP][PASSED] - click: Object: 'Object Repository/Objects-Cart list/Page_ProjectBackend/td_productName 5' is clicked on

2018-05-10 14:19:08 - [MESSAGE][PASSED] - Object: 'Object Repository/Objects-Cart list/Page_ProjectBackend/td_productName 5' is clicked on

2018-05-10 14:19:08 - [TEST_STEP][PASSED] - click: Object: 'Object Repository/Objects-Cart list/Page_ProjectBackend/td_productPrice 5' is clicked on

2018-05-10 14:19:08 - [MESSAGE][PASSED] - Object: 'Object Repository/Objects-Cart list/Page_ProjectBackend/td_productPrice 5' is clicked on

2018-05-10 14:19:08 - [TEST_STEP][PASSED] - setText: Text '2' is set on object 'Object Repository/Objects-Cart list/Page_ProjectBackend/input_amount 5'

2018-05-10 14:19:09 - [MESSAGE][PASSED] - Text '2' is set on object 'Object Repository/Objects-Cart list/Page_ProjectBackend/input_amount 5'

2018-05-10 14:19:09 - [TEST_STEP][PASSED] - verifyElementText: Actual text and expected text of test object 'Object Repository/Objects-Cart list/Page_ProjectBackend/p_Total price' are matched.

2018-05-10 14:19:09 - [MESSAGE][PASSED] - Actual text and expected text of test object 'Object Repository/Objects-Cart list/Page_ProjectBackend/p_Total price' are matched.

2018-05-10 14:19:09 - [TEST_STEP][PASSED] - closeBrowser: Browser is closed

2018-05-10 14:19:09 - [MESSAGE][PASSED] - Browser is closed]]></system-out>
         <system-err><![CDATA[]]></system-err>
      </testcase>
      <testcase name="Test Cases/Test-Cart list" classname="Test Cases/Test-Cart list" status="PASSED">
         <system-out><![CDATA[2018-05-10 14:19:09 - [TEST_CASE][PASSED] - Test Cases/Test-Cart list: Test Cases/Test-Cart list

2018-05-10 14:19:09 - [TEST_STEP][PASSED] - openBrowser: Browser is opened with url: ''

2018-05-10 14:19:14 - [MESSAGE][PASSED] - Browser is opened with url: ''

2018-05-10 14:19:14 - [TEST_STEP][PASSED] - navigateToUrl: Navigate to 'http://34.215.216.185:7071' successfully

2018-05-10 14:19:20 - [MESSAGE][PASSED] - Navigate to 'http://34.215.216.185:7071' successfully

2018-05-10 14:19:20 - [TEST_STEP][PASSED] - setText: Text 'user' is set on object 'Object Repository/Objects-Cart list/Page_ProjectBackend/input_username'

2018-05-10 14:19:20 - [MESSAGE][PASSED] - Text 'user' is set on object 'Object Repository/Objects-Cart list/Page_ProjectBackend/input_username'

2018-05-10 14:19:20 - [TEST_STEP][PASSED] - setText: Text 'user' is set on object 'Object Repository/Objects-Cart list/Page_ProjectBackend/input_password'

2018-05-10 14:19:20 - [MESSAGE][PASSED] - Text 'user' is set on object 'Object Repository/Objects-Cart list/Page_ProjectBackend/input_password'

2018-05-10 14:19:20 - [TEST_STEP][PASSED] - click: Object: 'Object Repository/Objects-Cart list/Page_ProjectBackend/button_Login' is clicked on

2018-05-10 14:19:20 - [MESSAGE][PASSED] - Object: 'Object Repository/Objects-Cart list/Page_ProjectBackend/button_Login' is clicked on

2018-05-10 14:19:20 - [TEST_STEP][PASSED] - click: Object: 'Object Repository/Objects-Cart list/Page_ProjectBackend/button_add to cart 1' is clicked on

2018-05-10 14:19:22 - [MESSAGE][PASSED] - Object: 'Object Repository/Objects-Cart list/Page_ProjectBackend/button_add to cart 1' is clicked on

2018-05-10 14:19:22 - [TEST_STEP][PASSED] - click: Object: 'Object Repository/Objects-Cart list/Page_ProjectBackend/button_add to cart 2' is clicked on

2018-05-10 14:19:22 - [MESSAGE][PASSED] - Object: 'Object Repository/Objects-Cart list/Page_ProjectBackend/button_add to cart 2' is clicked on

2018-05-10 14:19:22 - [TEST_STEP][PASSED] - click: Object: 'Object Repository/Objects-Cart list/Page_ProjectBackend/button_add to cart 3' is clicked on

2018-05-10 14:19:22 - [MESSAGE][PASSED] - Object: 'Object Repository/Objects-Cart list/Page_ProjectBackend/button_add to cart 3' is clicked on

2018-05-10 14:19:22 - [TEST_STEP][PASSED] - click: Object: 'Object Repository/Objects-Cart list/Page_ProjectBackend/button_add to cart 4' is clicked on

2018-05-10 14:19:23 - [MESSAGE][PASSED] - Object: 'Object Repository/Objects-Cart list/Page_ProjectBackend/button_add to cart 4' is clicked on

2018-05-10 14:19:23 - [TEST_STEP][PASSED] - click: Object: 'Object Repository/Objects-Cart list/Page_ProjectBackend/button_add to cart 5' is clicked on

2018-05-10 14:19:23 - [MESSAGE][PASSED] - Object: 'Object Repository/Objects-Cart list/Page_ProjectBackend/button_add to cart 5' is clicked on

2018-05-10 14:19:23 - [TEST_STEP][PASSED] - click: Object: 'Object Repository/Objects-Cart list/Page_ProjectBackend/menu_cart' is clicked on

2018-05-10 14:19:23 - [MESSAGE][PASSED] - Object: 'Object Repository/Objects-Cart list/Page_ProjectBackend/menu_cart' is clicked on

2018-05-10 14:19:23 - [TEST_STEP][PASSED] - click: Object: 'Object Repository/Objects-Cart list/Page_ProjectBackend/td_productName 1' is clicked on

2018-05-10 14:19:23 - [MESSAGE][PASSED] - Object: 'Object Repository/Objects-Cart list/Page_ProjectBackend/td_productName 1' is clicked on

2018-05-10 14:19:23 - [TEST_STEP][PASSED] - click: Object: 'Object Repository/Objects-Cart list/Page_ProjectBackend/td_productPrice 1' is clicked on

2018-05-10 14:19:24 - [MESSAGE][PASSED] - Object: 'Object Repository/Objects-Cart list/Page_ProjectBackend/td_productPrice 1' is clicked on

2018-05-10 14:19:24 - [TEST_STEP][PASSED] - setText: Text '3' is set on object 'Object Repository/Objects-Cart list/Page_ProjectBackend/input_amount 1'

2018-05-10 14:19:24 - [MESSAGE][PASSED] - Text '3' is set on object 'Object Repository/Objects-Cart list/Page_ProjectBackend/input_amount 1'

2018-05-10 14:19:24 - [TEST_STEP][PASSED] - click: Object: 'Object Repository/Objects-Cart list/Page_ProjectBackend/td_productName 2' is clicked on

2018-05-10 14:19:24 - [MESSAGE][PASSED] - Object: 'Object Repository/Objects-Cart list/Page_ProjectBackend/td_productName 2' is clicked on

2018-05-10 14:19:24 - [TEST_STEP][PASSED] - click: Object: 'Object Repository/Objects-Cart list/Page_ProjectBackend/td_productPrice 2' is clicked on

2018-05-10 14:19:24 - [MESSAGE][PASSED] - Object: 'Object Repository/Objects-Cart list/Page_ProjectBackend/td_productPrice 2' is clicked on

2018-05-10 14:19:24 - [TEST_STEP][PASSED] - setText: Text '3' is set on object 'Object Repository/Objects-Cart list/Page_ProjectBackend/input_amount 2'

2018-05-10 14:19:24 - [MESSAGE][PASSED] - Text '3' is set on object 'Object Repository/Objects-Cart list/Page_ProjectBackend/input_amount 2'

2018-05-10 14:19:24 - [TEST_STEP][PASSED] - click: Object: 'Object Repository/Objects-Cart list/Page_ProjectBackend/td_productName 3' is clicked on

2018-05-10 14:19:24 - [MESSAGE][PASSED] - Object: 'Object Repository/Objects-Cart list/Page_ProjectBackend/td_productName 3' is clicked on

2018-05-10 14:19:24 - [TEST_STEP][PASSED] - click: Object: 'Object Repository/Objects-Cart list/Page_ProjectBackend/td_productPrice 3' is clicked on

2018-05-10 14:19:25 - [MESSAGE][PASSED] - Object: 'Object Repository/Objects-Cart list/Page_ProjectBackend/td_productPrice 3' is clicked on

2018-05-10 14:19:25 - [TEST_STEP][PASSED] - setText: Text '3' is set on object 'Object Repository/Objects-Cart list/Page_ProjectBackend/input_amount 3'

2018-05-10 14:19:25 - [MESSAGE][PASSED] - Text '3' is set on object 'Object Repository/Objects-Cart list/Page_ProjectBackend/input_amount 3'

2018-05-10 14:19:25 - [TEST_STEP][PASSED] - click: Object: 'Object Repository/Objects-Cart list/Page_ProjectBackend/td_productName 4' is clicked on

2018-05-10 14:19:25 - [MESSAGE][PASSED] - Object: 'Object Repository/Objects-Cart list/Page_ProjectBackend/td_productName 4' is clicked on

2018-05-10 14:19:25 - [TEST_STEP][PASSED] - click: Object: 'Object Repository/Objects-Cart list/Page_ProjectBackend/td_productPrice 4' is clicked on

2018-05-10 14:19:25 - [MESSAGE][PASSED] - Object: 'Object Repository/Objects-Cart list/Page_ProjectBackend/td_productPrice 4' is clicked on

2018-05-10 14:19:25 - [TEST_STEP][PASSED] - setText: Text '3' is set on object 'Object Repository/Objects-Cart list/Page_ProjectBackend/input_amount 4'

2018-05-10 14:19:25 - [MESSAGE][PASSED] - Text '3' is set on object 'Object Repository/Objects-Cart list/Page_ProjectBackend/input_amount 4'

2018-05-10 14:19:25 - [TEST_STEP][PASSED] - click: Object: 'Object Repository/Objects-Cart list/Page_ProjectBackend/td_productName 5' is clicked on

2018-05-10 14:19:25 - [MESSAGE][PASSED] - Object: 'Object Repository/Objects-Cart list/Page_ProjectBackend/td_productName 5' is clicked on

2018-05-10 14:19:25 - [TEST_STEP][PASSED] - click: Object: 'Object Repository/Objects-Cart list/Page_ProjectBackend/td_productPrice 5' is clicked on

2018-05-10 14:19:26 - [MESSAGE][PASSED] - Object: 'Object Repository/Objects-Cart list/Page_ProjectBackend/td_productPrice 5' is clicked on

2018-05-10 14:19:26 - [TEST_STEP][PASSED] - setText: Text '3' is set on object 'Object Repository/Objects-Cart list/Page_ProjectBackend/input_amount 5'

2018-05-10 14:19:26 - [MESSAGE][PASSED] - Text '3' is set on object 'Object Repository/Objects-Cart list/Page_ProjectBackend/input_amount 5'

2018-05-10 14:19:26 - [TEST_STEP][PASSED] - verifyElementText: Actual text and expected text of test object 'Object Repository/Objects-Cart list/Page_ProjectBackend/p_Total price' are matched.

2018-05-10 14:19:26 - [MESSAGE][PASSED] - Actual text and expected text of test object 'Object Repository/Objects-Cart list/Page_ProjectBackend/p_Total price' are matched.

2018-05-10 14:19:26 - [TEST_STEP][PASSED] - closeBrowser: Browser is closed

2018-05-10 14:19:26 - [MESSAGE][PASSED] - Browser is closed]]></system-out>
         <system-err><![CDATA[]]></system-err>
      </testcase>
      <testcase name="Test Cases/Test-Cart list" classname="Test Cases/Test-Cart list" status="FAILED">
         <failure type="FAILED" message="Unable to click on object 'Object Repository/Objects-Cart list/Page_ProjectBackend/button_add to cart 1' (Root cause: com.kms.katalon.core.webui.exception.WebElementNotFoundException: Web element with id: 'Object Repository/Objects-Cart list/Page_ProjectBackend/button_add to cart 1' located by 'By.xpath: /html/body/app-root/app-product-list/div/div[2]/div/div[1]/a/div[2]/div[2]/button' not found)"/>
         <system-out><![CDATA[2018-05-10 14:19:26 - [TEST_CASE][FAILED] - Test Cases/Test-Cart list: Test Cases/Test-Cart list FAILED because (of) Unable to click on object 'Object Repository/Objects-Cart list/Page_ProjectBackend/button_add to cart 1' (Root cause: com.kms.katalon.core.webui.exception.WebElementNotFoundException: Web element with id: 'Object Repository/Objects-Cart list/Page_ProjectBackend/button_add to cart 1' located by 'By.xpath: /html/body/app-root/app-product-list/div/div[2]/div/div[1]/a/div[2]/div[2]/button' not found)

2018-05-10 14:19:26 - [TEST_STEP][PASSED] - openBrowser: Browser is opened with url: ''

2018-05-10 14:19:31 - [MESSAGE][PASSED] - Browser is opened with url: ''

2018-05-10 14:19:31 - [TEST_STEP][PASSED] - navigateToUrl: Navigate to 'http://34.215.216.185:7071' successfully

2018-05-10 14:19:36 - [MESSAGE][PASSED] - Navigate to 'http://34.215.216.185:7071' successfully

2018-05-10 14:19:36 - [TEST_STEP][PASSED] - setText: Text 'user' is set on object 'Object Repository/Objects-Cart list/Page_ProjectBackend/input_username'

2018-05-10 14:19:36 - [MESSAGE][PASSED] - Text 'user' is set on object 'Object Repository/Objects-Cart list/Page_ProjectBackend/input_username'

2018-05-10 14:19:36 - [TEST_STEP][PASSED] - setText: Text 'user' is set on object 'Object Repository/Objects-Cart list/Page_ProjectBackend/input_password'

2018-05-10 14:19:37 - [MESSAGE][PASSED] - Text 'user' is set on object 'Object Repository/Objects-Cart list/Page_ProjectBackend/input_password'

2018-05-10 14:19:37 - [TEST_STEP][PASSED] - click: Object: 'Object Repository/Objects-Cart list/Page_ProjectBackend/button_Login' is clicked on

2018-05-10 14:19:37 - [MESSAGE][PASSED] - Object: 'Object Repository/Objects-Cart list/Page_ProjectBackend/button_Login' is clicked on

2018-05-10 14:19:37 - [TEST_STEP][FAILED] - click: Unable to click on object 'Object Repository/Objects-Cart list/Page_ProjectBackend/button_add to cart 1' (Root cause: com.kms.katalon.core.webui.exception.WebElementNotFoundException: Web element with id: 'Object Repository/Objects-Cart list/Page_ProjectBackend/button_add to cart 1' located by 'By.xpath: /html/body/app-root/app-product-list/div/div[2]/div/div[1]/a/div[2]/div[2]/button' not found)

2018-05-10 14:20:07 - [MESSAGE][FAILED] - Unable to click on object 'Object Repository/Objects-Cart list/Page_ProjectBackend/button_add to cart 1' (Root cause: com.kms.katalon.core.webui.exception.WebElementNotFoundException: Web element with id: 'Object Repository/Objects-Cart list/Page_ProjectBackend/button_add to cart 1' located by 'By.xpath: /html/body/app-root/app-product-list/div/div[2]/div/div[1]/a/div[2]/div[2]/button' not found)
[[ATTACHMENT|E:\\592115005\\ASD\\234project-backend\\Katalon for Project\\Reports\\TestSuit-Cart list with changing amount\\20180510_141845\\1525936807786.png]]]]></system-out>
         <system-err><![CDATA[2018-05-10 14:19:26 - [TEST_CASE][FAILED] - Test Cases/Test-Cart list: Test Cases/Test-Cart list FAILED because (of) Unable to click on object 'Object Repository/Objects-Cart list/Page_ProjectBackend/button_add to cart 1' (Root cause: com.kms.katalon.core.webui.exception.WebElementNotFoundException: Web element with id: 'Object Repository/Objects-Cart list/Page_ProjectBackend/button_add to cart 1' located by 'By.xpath: /html/body/app-root/app-product-list/div/div[2]/div/div[1]/a/div[2]/div[2]/button' not found)]]></system-err>
      </testcase>
      <testcase name="Test Cases/Test-Cart list" classname="Test Cases/Test-Cart list" status="FAILED">
         <failure type="FAILED" message="Unable to click on object 'Object Repository/Objects-Cart list/Page_ProjectBackend/button_add to cart 1' (Root cause: org.openqa.selenium.WebDriverException: Failed to decode response from marionette
Build info: version: '3.7.1', revision: '8a0099a', time: '2017-11-06T21:07:36.161Z'
System info: host: 'DESKTOP-JOTRSDM', ip: '192.168.56.1', os.name: 'Windows 10', os.arch: 'amd64', os.version: '10.0', java.version: '1.8.0_102'
Driver info: com.kms.katalon.core.webui.driver.firefox.CGeckoDriver
Capabilities {acceptInsecureCerts: true, browserName: firefox, browserVersion: 59.0.3, javascriptEnabled: true, moz:accessibilityChecks: false, moz:headless: false, moz:processID: 864, moz:profile: C:\Users\amnesia\AppData\Lo..., moz:useNonSpecCompliantPointerOrigin: false, moz:webdriverClick: true, pageLoadStrategy: normal, platform: XP, platformName: XP, platformVersion: 10.0, proxy: Proxy(direct), rotatable: false, timeouts: {implicit: 0, pageLoad: 300000, script: 30000}}
Session ID: 7317ab52-c628-4937-910e-e32efd137fa5
*** Element info: {Using=xpath, value=/html/body/app-root/app-product-list/div/div[2]/div/div[1]/a/div[2]/div[2]/button})"/>
         <system-out><![CDATA[2018-05-10 14:20:07 - [TEST_CASE][FAILED] - Test Cases/Test-Cart list: Test Cases/Test-Cart list FAILED because (of) Unable to click on object 'Object Repository/Objects-Cart list/Page_ProjectBackend/button_add to cart 1' (Root cause: org.openqa.selenium.WebDriverException: Failed to decode response from marionette
Build info: version: '3.7.1', revision: '8a0099a', time: '2017-11-06T21:07:36.161Z'
System info: host: 'DESKTOP-JOTRSDM', ip: '192.168.56.1', os.name: 'Windows 10', os.arch: 'amd64', os.version: '10.0', java.version: '1.8.0_102'
Driver info: com.kms.katalon.core.webui.driver.firefox.CGeckoDriver
Capabilities {acceptInsecureCerts: true, browserName: firefox, browserVersion: 59.0.3, javascriptEnabled: true, moz:accessibilityChecks: false, moz:headless: false, moz:processID: 864, moz:profile: C:\Users\amnesia\AppData\Lo..., moz:useNonSpecCompliantPointerOrigin: false, moz:webdriverClick: true, pageLoadStrategy: normal, platform: XP, platformName: XP, platformVersion: 10.0, proxy: Proxy(direct), rotatable: false, timeouts: {implicit: 0, pageLoad: 300000, script: 30000}}
Session ID: 7317ab52-c628-4937-910e-e32efd137fa5
*** Element info: {Using=xpath, value=/html/body/app-root/app-product-list/div/div[2]/div/div[1]/a/div[2]/div[2]/button})

2018-05-10 14:20:07 - [TEST_STEP][PASSED] - openBrowser: Browser is opened with url: ''

2018-05-10 14:20:07 - [MESSAGE][WARNING] - A browser is already opened. Closing browser and opening a new one

2018-05-10 14:20:12 - [MESSAGE][PASSED] - Browser is opened with url: ''

2018-05-10 14:20:12 - [TEST_STEP][PASSED] - navigateToUrl: Navigate to 'http://34.215.216.185:7071' successfully

2018-05-10 14:20:19 - [MESSAGE][PASSED] - Navigate to 'http://34.215.216.185:7071' successfully

2018-05-10 14:20:19 - [TEST_STEP][PASSED] - setText: Text 'user' is set on object 'Object Repository/Objects-Cart list/Page_ProjectBackend/input_username'

2018-05-10 14:20:19 - [MESSAGE][PASSED] - Text 'user' is set on object 'Object Repository/Objects-Cart list/Page_ProjectBackend/input_username'

2018-05-10 14:20:19 - [TEST_STEP][PASSED] - setText: Text 'user' is set on object 'Object Repository/Objects-Cart list/Page_ProjectBackend/input_password'

2018-05-10 14:20:19 - [MESSAGE][PASSED] - Text 'user' is set on object 'Object Repository/Objects-Cart list/Page_ProjectBackend/input_password'

2018-05-10 14:20:19 - [TEST_STEP][PASSED] - click: Object: 'Object Repository/Objects-Cart list/Page_ProjectBackend/button_Login' is clicked on

2018-05-10 14:20:20 - [MESSAGE][PASSED] - Object: 'Object Repository/Objects-Cart list/Page_ProjectBackend/button_Login' is clicked on

2018-05-10 14:20:20 - [TEST_STEP][FAILED] - click: Unable to click on object 'Object Repository/Objects-Cart list/Page_ProjectBackend/button_add to cart 1' (Root cause: org.openqa.selenium.WebDriverException: Failed to decode response from marionette
Build info: version: '3.7.1', revision: '8a0099a', time: '2017-11-06T21:07:36.161Z'
System info: host: 'DESKTOP-JOTRSDM', ip: '192.168.56.1', os.name: 'Windows 10', os.arch: 'amd64', os.version: '10.0', java.version: '1.8.0_102'
Driver info: com.kms.katalon.core.webui.driver.firefox.CGeckoDriver
Capabilities {acceptInsecureCerts: true, browserName: firefox, browserVersion: 59.0.3, javascriptEnabled: true, moz:accessibilityChecks: false, moz:headless: false, moz:processID: 864, moz:profile: C:\Users\amnesia\AppData\Lo..., moz:useNonSpecCompliantPointerOrigin: false, moz:webdriverClick: true, pageLoadStrategy: normal, platform: XP, platformName: XP, platformVersion: 10.0, proxy: Proxy(direct), rotatable: false, timeouts: {implicit: 0, pageLoad: 300000, script: 30000}}
Session ID: 7317ab52-c628-4937-910e-e32efd137fa5
*** Element info: {Using=xpath, value=/html/body/app-root/app-product-list/div/div[2]/div/div[1]/a/div[2]/div[2]/button})

2018-05-10 14:20:46 - [MESSAGE][WARNING] - Cannot take screenshot

2018-05-10 14:20:46 - [MESSAGE][FAILED] - Unable to click on object 'Object Repository/Objects-Cart list/Page_ProjectBackend/button_add to cart 1' (Root cause: org.openqa.selenium.WebDriverException: Failed to decode response from marionette
Build info: version: '3.7.1', revision: '8a0099a', time: '2017-11-06T21:07:36.161Z'
System info: host: 'DESKTOP-JOTRSDM', ip: '192.168.56.1', os.name: 'Windows 10', os.arch: 'amd64', os.version: '10.0', java.version: '1.8.0_102'
Driver info: com.kms.katalon.core.webui.driver.firefox.CGeckoDriver
Capabilities {acceptInsecureCerts: true, browserName: firefox, browserVersion: 59.0.3, javascriptEnabled: true, moz:accessibilityChecks: false, moz:headless: false, moz:processID: 864, moz:profile: C:\Users\amnesia\AppData\Lo..., moz:useNonSpecCompliantPointerOrigin: false, moz:webdriverClick: true, pageLoadStrategy: normal, platform: XP, platformName: XP, platformVersion: 10.0, proxy: Proxy(direct), rotatable: false, timeouts: {implicit: 0, pageLoad: 300000, script: 30000}}
Session ID: 7317ab52-c628-4937-910e-e32efd137fa5
*** Element info: {Using=xpath, value=/html/body/app-root/app-product-list/div/div[2]/div/div[1]/a/div[2]/div[2]/button})]]></system-out>
         <system-err><![CDATA[2018-05-10 14:20:07 - [TEST_CASE][FAILED] - Test Cases/Test-Cart list: Test Cases/Test-Cart list FAILED because (of) Unable to click on object 'Object Repository/Objects-Cart list/Page_ProjectBackend/button_add to cart 1' (Root cause: org.openqa.selenium.WebDriverException: Failed to decode response from marionette
Build info: version: '3.7.1', revision: '8a0099a', time: '2017-11-06T21:07:36.161Z'
System info: host: 'DESKTOP-JOTRSDM', ip: '192.168.56.1', os.name: 'Windows 10', os.arch: 'amd64', os.version: '10.0', java.version: '1.8.0_102'
Driver info: com.kms.katalon.core.webui.driver.firefox.CGeckoDriver
Capabilities {acceptInsecureCerts: true, browserName: firefox, browserVersion: 59.0.3, javascriptEnabled: true, moz:accessibilityChecks: false, moz:headless: false, moz:processID: 864, moz:profile: C:\Users\amnesia\AppData\Lo..., moz:useNonSpecCompliantPointerOrigin: false, moz:webdriverClick: true, pageLoadStrategy: normal, platform: XP, platformName: XP, platformVersion: 10.0, proxy: Proxy(direct), rotatable: false, timeouts: {implicit: 0, pageLoad: 300000, script: 30000}}
Session ID: 7317ab52-c628-4937-910e-e32efd137fa5
*** Element info: {Using=xpath, value=/html/body/app-root/app-product-list/div/div[2]/div/div[1]/a/div[2]/div[2]/button})]]></system-err>
      </testcase>
      <system-out><![CDATA[2018-05-10 14:18:51 - [TEST_SUITE][INCOMPLETE] - TestSuit-Cart list with changing amount: null]]></system-out>
      <system-err><![CDATA[2018-05-10 14:18:51 - [TEST_SUITE][INCOMPLETE] - TestSuit-Cart list with changing amount: null]]></system-err>
   </testsuite>
</testsuites>
